Build started 2016/4/28 星期四 18:45:23.
     1>Project "E:\PracticeOfOpencv\projectCarNumber3_2\CarNumber\CarNumber\CarNumber.vcxproj" on node 2 (build target(s)).
     1>PrepareForBuild:
         Creating directory "E:\PracticeOfOpencv\projectCarNumber3_2\CarNumber\Release\".
       InitializeBuildStatus:
         Creating "Release\CarNumber.unsuccessfulbuild" because "AlwaysCreate" was specified.
       ClCompile:
         D:\Program Files (x86)\Microsoft Visual Studio 10.0\VC\bin\CL.exe /c /Zi /nologo /W3 /WX- /O2 /Oi /Oy- /GL /D WIN32 /D NDEBUG /D _CONSOLE /D _UNICODE /D UNICODE /Gm- /EHsc /MD /GS /Gy /fp:precise /Zc:wchar_t /Zc:forScope /Fo"Release\\" /Fd"Release\vc100.pdb" /Gd /TP /analyze- /errorReport:prompt carID_Detection.cpp main.cpp Plate.cpp
         carID_Detection.cpp
     1>carID_Detection.cpp(7): warning C4305: 'initializing' : truncation from 'double' to 'const float'
     1>carID_Detection.cpp(8): warning C4244: 'initializing' : conversion from 'const float' to 'int', possible loss of data
     1>carID_Detection.cpp(9): warning C4244: 'initializing' : conversion from 'const float' to 'int', possible loss of data
     1>carID_Detection.cpp(14): warning C4244: 'initializing' : conversion from 'float' to 'int', possible loss of data
     1>carID_Detection.cpp(66): warning C4018: '<' : signed/unsigned mismatch
     1>carID_Detection.cpp(73): warning C4244: '=' : conversion from 'double' to 'float', possible loss of data
     1>carID_Detection.cpp(74): warning C4244: 'argument' : conversion from 'time_t' to 'unsigned int', possible loss of data
     1>carID_Detection.cpp(89): warning C4244: '=' : conversion from 'float' to 'int', possible loss of data
     1>carID_Detection.cpp(90): warning C4244: '=' : conversion from 'float' to 'int', possible loss of data
         main.cpp
         Plate.cpp
     1>Plate.cpp(16): warning C4018: '<' : signed/unsigned mismatch
     1>Plate.cpp(20): warning C4244: 'initializing' : conversion from 'int' to 'float', possible loss of data
     1>Plate.cpp(22): warning C4018: '<' : signed/unsigned mismatch
     1>Plate.cpp(23): warning C4244: '=' : conversion from 'int' to 'float', possible loss of data
     1>Plate.cpp(25): warning C4018: '<' : signed/unsigned mismatch
     1>Plate.cpp(27): warning C4244: '=' : conversion from 'int' to 'float', possible loss of data
     1>Plate.cpp(36): warning C4244: 'initializing' : conversion from 'int' to 'float', possible loss of data
     1>Plate.cpp(37): warning C4244: 'initializing' : conversion from 'int' to 'float', possible loss of data
     1>Plate.cpp(38): warning C4244: '=' : conversion from 'float' to 'int', possible loss of data
     1>Plate.cpp(39): warning C4244: '=' : conversion from 'float' to 'int', possible loss of data
     1>Plate.cpp(41): warning C4018: '<' : signed/unsigned mismatch
       Link:
         D:\Program Files (x86)\Microsoft Visual Studio 10.0\VC\bin\link.exe /ERRORREPORT:PROMPT /OUT:"E:\PracticeOfOpencv\projectCarNumber3_2\CarNumber\Release\CarNumber.exe" /INCREMENTAL:NO /NOLOGO opencv_calib3d246d.lib opencv_contrib246d.lib opencv_core246d.lib opencv_features2d246d.lib opencv_flann246d.lib opencv_gpu246d.lib opencv_haartraining_engined.lib opencv_highgui246d.lib opencv_imgproc246d.lib opencv_legacy246d.lib opencv_ml246d.lib opencv_nonfree246d.lib opencv_objdetect246d.lib opencv_ocl246d.lib opencv_photo246d.lib opencv_stitching246d.lib opencv_superres246d.lib opencv_ts246d.lib opencv_video246d.lib opencv_videostab246d.lib opencv_calib3d246.lib opencv_contrib246.lib opencv_core246.lib opencv_features2d246.lib opencv_flann246.lib opencv_gpu246.lib opencv_haartraining_engine.lib opencv_highgui246.lib opencv_imgproc246.lib opencv_legacy246.lib opencv_ml246.lib opencv_nonfree246.lib opencv_objdetect246.lib opencv_ocl246.lib opencv_photo246.lib opencv_stitching246.lib opencv_superres246.lib opencv_ts246.lib opencv_video246.lib opencv_videostab246.lib kernel32.lib user32.lib gdi32.lib winspool.lib comdlg32.lib advapi32.lib shell32.lib ole32.lib oleaut32.lib uuid.lib odbc32.lib odbccp32.lib /MANIFEST /ManifestFile:"Release\CarNumber.exe.intermediate.manifest" /MANIFESTUAC:"level='asInvoker' uiAccess='false'" /DEBUG /PDB:"E:\PracticeOfOpencv\projectCarNumber3_2\CarNumber\Release\CarNumber.pdb" /SUBSYSTEM:CONSOLE /OPT:REF /OPT:ICF /LTCG /TLBID:1 /DYNAMICBASE /NXCOMPAT /IMPLIB:"E:\PracticeOfOpencv\projectCarNumber3_2\CarNumber\Release\CarNumber.lib" /MACHINE:X86 Release\carID_Detection.obj
         Release\main.obj
         Release\Plate.obj
     1>main.obj : error LNK2001: unresolved external symbol "class std::vector<class Plate,class std::allocator<class Plate> > __cdecl carIdDetection_segm(class cv::Mat)" (?carIdDetection_segm@@YA?AV?$vector@VPlate@@V?$allocator@VPlate@@@std@@@std@@VMat@cv@@@Z)
     1>E:\PracticeOfOpencv\projectCarNumber3_2\CarNumber\Release\CarNumber.exe : fatal error LNK1120: 1 unresolved externals
     1>Done Building Project "E:\PracticeOfOpencv\projectCarNumber3_2\CarNumber\CarNumber\CarNumber.vcxproj" (build target(s)) -- FAILED.

Build FAILED.

Time Elapsed 00:00:02.28
