Build started 2016/5/7 星期六 14:54:02.
     1>Project "E:\PracticeOfOpencv\projectCarNumber3_2\CarNumber\CarNumber\CarNumber.vcxproj" on node 2 (build target(s)).
     1>InitializeBuildStatus:
         Creating "Debug\CarNumber.unsuccessfulbuild" because "AlwaysCreate" was specified.
       ClCompile:
         D:\Program Files (x86)\Microsoft Visual Studio 10.0\VC\bin\CL.exe /c /ZI /nologo /W3 /WX- /Od /Oy- /D WIN32 /D _DEBUG /D _CONSOLE /D _UNICODE /D UNICODE /Gm /EHsc /RTC1 /MDd /GS /fp:precise /Zc:wchar_t /Zc:forScope /Fo"Debug\\" /Fd"Debug\vc100.pdb" /Gd /TP /analyze- /errorReport:prompt carID_Detection.cpp main.cpp
         main.cpp
     1>e:\practiceofopencv\projectcarnumber3_2\carnumber\carnumber\main.cpp(46): warning C4018: '<' : signed/unsigned mismatch
     1>e:\practiceofopencv\projectcarnumber3_2\carnumber\carnumber\main.cpp(74): warning C4018: '<' : signed/unsigned mismatch
         carID_Detection.cpp
     1>e:\practiceofopencv\projectcarnumber3_2\carnumber\carnumber\carid_detection.cpp(15): warning C4244: '=' : conversion from 'double' to 'uchar', possible loss of data
     1>e:\practiceofopencv\projectcarnumber3_2\carnumber\carnumber\carid_detection.cpp(57): warning C4305: 'initializing' : truncation from 'double' to 'float'
     1>e:\practiceofopencv\projectcarnumber3_2\carnumber\carnumber\carid_detection.cpp(59): warning C4244: 'initializing' : conversion from 'const float' to 'int', possible loss of data
     1>e:\practiceofopencv\projectcarnumber3_2\carnumber\carnumber\carid_detection.cpp(60): warning C4244: 'initializing' : conversion from 'const float' to 'int', possible loss of data
     1>e:\practiceofopencv\projectcarnumber3_2\carnumber\carnumber\carid_detection.cpp(64): warning C4244: 'initializing' : conversion from 'const float' to 'int', possible loss of data
     1>e:\practiceofopencv\projectcarnumber3_2\carnumber\carnumber\carid_detection.cpp(110): warning C4305: 'initializing' : truncation from 'double' to 'float'
     1>e:\practiceofopencv\projectcarnumber3_2\carnumber\carnumber\carid_detection.cpp(112): warning C4244: 'initializing' : conversion from 'const float' to 'int', possible loss of data
     1>e:\practiceofopencv\projectcarnumber3_2\carnumber\carnumber\carid_detection.cpp(113): warning C4244: 'initializing' : conversion from 'const float' to 'int', possible loss of data
     1>e:\practiceofopencv\projectcarnumber3_2\carnumber\carnumber\carid_detection.cpp(117): warning C4244: 'initializing' : conversion from 'const float' to 'int', possible loss of data
     1>e:\practiceofopencv\projectcarnumber3_2\carnumber\carnumber\carid_detection.cpp(131): warning C4018: '<' : signed/unsigned mismatch
     1>e:\practiceofopencv\projectcarnumber3_2\carnumber\carnumber\carid_detection.cpp(133): warning C4018: '<' : signed/unsigned mismatch
     1>e:\practiceofopencv\projectcarnumber3_2\carnumber\carnumber\carid_detection.cpp(148): warning C4018: '<' : signed/unsigned mismatch
     1>e:\practiceofopencv\projectcarnumber3_2\carnumber\carnumber\carid_detection.cpp(149): warning C4018: '<' : signed/unsigned mismatch
     1>e:\practiceofopencv\projectcarnumber3_2\carnumber\carnumber\carid_detection.cpp(167): warning C4244: 'initializing' : conversion from 'const int' to 'float', possible loss of data
     1>e:\practiceofopencv\projectcarnumber3_2\carnumber\carnumber\carid_detection.cpp(168): warning C4244: 'initializing' : conversion from 'const int' to 'float', possible loss of data
     1>e:\practiceofopencv\projectcarnumber3_2\carnumber\carnumber\carid_detection.cpp(170): warning C4244: 'initializing' : conversion from 'const int' to 'float', possible loss of data
     1>e:\practiceofopencv\projectcarnumber3_2\carnumber\carnumber\carid_detection.cpp(171): warning C4244: 'initializing' : conversion from 'const int' to 'float', possible loss of data
     1>e:\practiceofopencv\projectcarnumber3_2\carnumber\carnumber\carid_detection.cpp(178): warning C4018: '<' : signed/unsigned mismatch
     1>e:\practiceofopencv\projectcarnumber3_2\carnumber\carnumber\carid_detection.cpp(260): warning C4018: '<' : signed/unsigned mismatch
     1>e:\practiceofopencv\projectcarnumber3_2\carnumber\carnumber\carid_detection.cpp(272): warning C4018: '<' : signed/unsigned mismatch
     1>e:\practiceofopencv\projectcarnumber3_2\carnumber\carnumber\carid_detection.cpp(275): warning C4244: 'argument' : conversion from 'int' to 'float', possible loss of data
     1>e:\practiceofopencv\projectcarnumber3_2\carnumber\carnumber\carid_detection.cpp(276): warning C4244: 'argument' : conversion from 'int' to 'float', possible loss of data
     1>e:\practiceofopencv\projectcarnumber3_2\carnumber\carnumber\carid_detection.cpp(279): warning C4244: 'argument' : conversion from 'int' to 'float', possible loss of data
     1>e:\practiceofopencv\projectcarnumber3_2\carnumber\carnumber\carid_detection.cpp(280): warning C4244: 'argument' : conversion from 'int' to 'float', possible loss of data
     1>e:\practiceofopencv\projectcarnumber3_2\carnumber\carnumber\carid_detection.cpp(294): warning C4305: 'initializing' : truncation from 'double' to 'float'
     1>e:\practiceofopencv\projectcarnumber3_2\carnumber\carnumber\carid_detection.cpp(298): warning C4305: 'initializing' : truncation from 'double' to 'float'
     1>e:\practiceofopencv\projectcarnumber3_2\carnumber\carnumber\carid_detection.cpp(379): warning C4244: '=' : conversion from 'int' to 'float', possible loss of data
     1>e:\practiceofopencv\projectcarnumber3_2\carnumber\carnumber\carid_detection.cpp(428): warning C4018: '<' : signed/unsigned mismatch
     1>e:\practiceofopencv\projectcarnumber3_2\carnumber\carnumber\carid_detection.cpp(442): warning C4018: '<' : signed/unsigned mismatch
         Generating Code...
       ManifestResourceCompile:
         All outputs are up-to-date.
       Link:
         D:\Program Files (x86)\Microsoft Visual Studio 10.0\VC\bin\link.exe /ERRORREPORT:PROMPT /OUT:"E:\PracticeOfOpencv\projectCarNumber3_2\CarNumber\Debug\CarNumber.exe" /INCREMENTAL /NOLOGO opencv_calib3d246d.lib opencv_contrib246d.lib opencv_core246d.lib opencv_features2d246d.lib opencv_flann246d.lib opencv_gpu246d.lib opencv_haartraining_engined.lib opencv_highgui246d.lib opencv_imgproc246d.lib opencv_legacy246d.lib opencv_ml246d.lib opencv_nonfree246d.lib opencv_objdetect246d.lib opencv_ocl246d.lib opencv_photo246d.lib opencv_stitching246d.lib opencv_superres246d.lib opencv_ts246d.lib opencv_video246d.lib opencv_videostab246d.lib opencv_calib3d246.lib opencv_contrib246.lib opencv_core246.lib opencv_features2d246.lib opencv_flann246.lib opencv_gpu246.lib opencv_haartraining_engine.lib opencv_highgui246.lib opencv_imgproc246.lib opencv_legacy246.lib opencv_ml246.lib opencv_nonfree246.lib opencv_objdetect246.lib opencv_ocl246.lib opencv_photo246.lib opencv_stitching246.lib opencv_superres246.lib opencv_ts246.lib opencv_video246.lib opencv_videostab246.lib kernel32.lib user32.lib gdi32.lib winspool.lib comdlg32.lib advapi32.lib shell32.lib ole32.lib oleaut32.lib uuid.lib odbc32.lib odbccp32.lib /MANIFEST /ManifestFile:"Debug\CarNumber.exe.intermediate.manifest" /MANIFESTUAC:"level='asInvoker' uiAccess='false'" /DEBUG /PDB:"E:\PracticeOfOpencv\projectCarNumber3_2\CarNumber\Debug\CarNumber.pdb" /SUBSYSTEM:CONSOLE /TLBID:1 /DYNAMICBASE /NXCOMPAT /IMPLIB:"E:\PracticeOfOpencv\projectCarNumber3_2\CarNumber\Debug\CarNumber.lib" /MACHINE:X86 Debug\CarNumber.exe.embed.manifest.res
         Debug\carID_Detection.obj
         Debug\main.obj
       Manifest:
         C:\Program Files (x86)\Microsoft SDKs\Windows\v7.0A\bin\mt.exe /nologo /verbose /out:"Debug\CarNumber.exe.embed.manifest" /manifest Debug\CarNumber.exe.intermediate.manifest
         All outputs are up-to-date.
       LinkEmbedManifest:
         All outputs are up-to-date.
         CarNumber.vcxproj -> E:\PracticeOfOpencv\projectCarNumber3_2\CarNumber\Debug\CarNumber.exe
       FinalizeBuildStatus:
         Deleting file "Debug\CarNumber.unsuccessfulbuild".
         Touching "Debug\CarNumber.lastbuildstate".
     1>Done Building Project "E:\PracticeOfOpencv\projectCarNumber3_2\CarNumber\CarNumber\CarNumber.vcxproj" (build target(s)).

Build succeeded.

Time Elapsed 00:00:06.61
